[HgTe]
compound       = HgTe
elements       = Hg, Te
composition    = 1, 1
exch_g         = 2.0
exch_TK0       = 1e-06
P              = 846.3313073609581
Ev             = 0.0
Ec             = -303.0 + 0.495 * T ** 2 / (11.0 + T)
gamma1         = 4.1
gamma2         = 0.5
gamma3         = 1.3
F              = 0.0
kappa          = -0.4
ge             = 2.0
q              = 0.0
a              = 0.6462
strain_C1      = -3830.0
strain_Dd      = 0.0
strain_Du      = 2250.0
strain_Duprime = 1801.3328398716324
exch_yNalpha   = 0.0
exch_yNbeta    = 0.0
diel_epsilon   = 20.8
delta_so       = 1080.0
piezo_e14      = 0.005607618172800001
bia_c          = -7.4
bia_b8p        = -106.46
bia_b8m        = -13.77
bia_b7         = -100.0
elasticity_c11 = 53.6
elasticity_c12 = 36.6
elasticity_c44 = 21.2

[CdTe]
compound       = CdTe
elements       = Cd, Te
composition    = 1, 1
exch_g         = 2.0
exch_TK0       = 1e-06
P              = 846.3313073609581
Eg             = 1606.0 - 0.325 * T ** 2 / (78.7 + T)
Eg0            = -303.0 + 0.495 * T ** 2 / (11.0 + T)
Evoff          = -570.0 * (Eg - Eg0) / (1606 - -303)
Ev             = Evoff
Ec             = Evoff + Eg
gamma1         = 1.47
gamma2         = -0.28
gamma3         = 0.03
F              = -0.09
kappa          = -1.31
ge             = 2.0
q              = 0.0
a              = 0.6482
strain_C1      = -4060.0
strain_Dd      = -700.0
strain_Du      = 1755.0
strain_Duprime = 2771.2812921102036
exch_yNalpha   = 0.0
exch_yNbeta    = 0.0
diel_epsilon   = 10.2
delta_so       = 910.0
piezo_e14      = 0.005607618172800001
bia_c          = -2.34
bia_b8p        = -224.1
bia_b8m        = -6.347
bia_b7         = -204.7
elasticity_c11 = 53.6
elasticity_c12 = 37.0
elasticity_c44 = 19.9

[HgCdTe]
compound       = HgCdTe
elements       = Hg, Cd, Te
composition    = 1 - x, x, 1
Eg_CdTe        = 1606.0 - 0.325 * T ** 2 / (78.7 + T)
Eg0_CdTe       = -303.0 + 0.495 * T ** 2 / (11.0 + T)
Evoff_CdTe     = -570.0 * (Eg_CdTe - Eg0_CdTe) / (1606 - -303)
F              = linint(0.0, -0.09, x)
ge             = 2.0
q              = 0.0
strain_C1      = linint(-3830.0, -4060.0, x)
strain_Dd      = linint(0.0, -700.0, x)
strain_Du      = linint(2250.0, 1755.0, x)
strain_Duprime = linint(1801.3328398716324, 2771.2812921102036, x)
exch_yNalpha   = 0.0
exch_yNbeta    = 0.0
exch_g         = 2.0
exch_TK0       = 1e-06
diel_epsilon   = linint(20.8, 10.2, x)
delta_so       = linint(1080.0, 910.0, x)
piezo_e14      = 0.005607618172800001
bia_c          = linint(-7.4, -2.34, x)
bia_b8p        = linint(-106.46, -224.1, x)
bia_b8m        = linint(-13.77, -6.347, x)
bia_b7         = linint(-100.0, -204.7, x)
elasticity_c11 = 53.6
elasticity_c12 = linint(36.6, 37.0, x)
elasticity_c44 = linint(21.2, 19.9, x)
P              = 846.3313073609581
Eg             = -303 * (1 - x) + 1606 * x - 132.0 * x * (1 - x) + (0.495 * (1 - x) - 0.325 * x - 0.393 * x * (1 - x)) * T ** 2 / (11.0 * (1 - x) + 78.7 * x + T)
Eg0            = -303.0 + 0.495 * T ** 2 / (11.0 + T)
Evoff          = -570.0 * (Eg - Eg0) / (1606 - -303)
Ev             = Evoff
Ec             = Evoff + Eg
gamma1         = poly(4.1, -2.8801, 0.3159, -0.0658, x)
gamma2         = poly(0.5, -0.7175, -0.079, 0.0165, x)
gamma3         = poly(1.3, -1.3325, 0.079, -0.0165, x)
kappa          = poly(-0.4, -0.8475, -0.079, 0.0165, x)
a              = 0.6462 + 0.0009 * x + 0.0017 * x ** 2 - 0.0006 * x ** 3

[HgMnTe]
compound       = HgMnTe
elements       = Hg, Mn, Te
composition    = 1 - x, x, 1
P              = 846.3313073609581
gamma1         = 4.1
gamma2         = 0.5
gamma3         = 1.3
F              = 0.0
kappa          = -0.4
ge             = 2.0
q              = 0.0
strain_C1      = -3830.0
strain_Dd      = 0.0
strain_Du      = 2250.0
strain_Duprime = 1801.3328398716324
diel_epsilon   = 20.8
delta_so       = 1080.0
piezo_e14      = 0.005607618172800001
bia_c          = -7.4
bia_b8p        = -106.46
bia_b8m        = -13.77
bia_b7         = -100.0
elasticity_c11 = 53.6
elasticity_c12 = 36.6
elasticity_c44 = 21.2
Ec             = -303.0 + 4726.0 * 1339.0 / 1909.0 * x
Ev             = 0.0 + 4726.0 * -570.0 / 1909.0 * x
exch_yNalpha   = 400.0 * x
exch_yNbeta    = -600.0 * x
exch_g         = 2
exch_TK0       = 2.6
a              = 0.6462 - 0.0114 * x

[CdZnTe]
compound       = CdZnTe
elements       = Cd, Zn, Te
composition    = 1 - x, x, 1
exch_g         = 2.0
exch_TK0       = 1e-06
P              = 846.3313073609581
Eg             = 1606.0 - 0.325 * T ** 2 / (78.7 + T)
Eg0            = -303.0 + 0.495 * T ** 2 / (11.0 + T)
Evoff          = -570.0 * (Eg - Eg0) / (1606 - -303)
Ev             = Evoff
Ec             = Evoff + Eg
gamma1         = 1.47
gamma2         = -0.28
gamma3         = 0.03
F              = -0.09
kappa          = -1.31
ge             = 2.0
q              = 0.0
strain_C1      = -4060.0
strain_Dd      = -700.0
strain_Du      = 1755.0
strain_Duprime = 2771.2812921102036
exch_yNalpha   = 0.0
exch_yNbeta    = 0.0
diel_epsilon   = 10.2
delta_so       = 910.0
piezo_e14      = 0.005607618172800001
bia_c          = -2.34
bia_b8p        = -224.1
bia_b8m        = -6.347
bia_b7         = -204.7
elasticity_c11 = 53.6
elasticity_c12 = 37.0
elasticity_c44 = 19.9
a              = 0.6482 - 0.0378 * x

[Va]
compound       = Va
elements       = Va
composition    = 1
P              = 0
F              = 0.0
gamma1         = 1.0
gamma2         = 0.0
gamma3         = 0.0
kappa          = 0.0
ge             = 2.0
q              = 0.0
a              = 1.0
strain_C1      = 0.0
strain_Dd      = 0.0
strain_Du      = 0.0
strain_Duprime = 0.0
exch_yNalpha   = 0.0
exch_yNbeta    = 0.0
exch_g         = 2.0
exch_TK0       = 1e-06
diel_epsilon   = 1.0
delta_so       = 0.0
piezo_e14      = 0.0
bia_c          = 0.0
bia_b8p        = 0.0
bia_b8m        = 0.0
bia_b7         = 0.0
elasticity_c11 = 0.01
elasticity_c12 = 0.01
elasticity_c44 = 0.01
Ev             = -1000000.0
Ec             = 1000000.0

